<?xml version="1.0" encoding="UTF-8"?>
<testng-results skipped="0" failed="0" ignored="0" total="1" passed="1">
  <reporter-output>
  </reporter-output>
  <suite name="Default suite" duration-ms="35167" started-at="2019-01-14T22:00:45Z" finished-at="2019-01-14T22:01:20Z">
    <groups>
    </groups>
    <test name="Default test" duration-ms="35167" started-at="2019-01-14T22:00:45Z" finished-at="2019-01-14T22:01:20Z">
      <class name="TestBankPkg.OTPGet">
        <test-method status="PASS" signature="setUp()[pri:0, instance:TestBankPkg.OTPGet@48aaecc3]" name="setUp" is-config="true" duration-ms="14989" started-at="2019-01-14T22:00:45Z" finished-at="2019-01-14T22:01:00Z">
          <reporter-output>
          </reporter-output>
        </test-method> <!-- setUp -->
        <test-method status="PASS" signature="setUp()[pri:0, instance:TestBankPkg.OTPGet@48aaecc3]" name="setUp" is-config="true" duration-ms="11846" started-at="2019-01-14T22:01:00Z" finished-at="2019-01-14T22:01:12Z">
          <reporter-output>
          </reporter-output>
        </test-method> <!-- setUp -->
        <test-method status="PASS" signature="testBankLoginMakePayment()[pri:0, instance:TestBankPkg.OTPGet@48aaecc3]" name="testBankLoginMakePayment" duration-ms="4444" started-at="2019-01-14T22:01:12Z" finished-at="2019-01-14T22:01:17Z">
          <reporter-output>
          </reporter-output>
        </test-method> <!-- testBankLoginMakePayment -->
        <test-method status="PASS" signature="teardown()[pri:0, instance:TestBankPkg.OTPGet@48aaecc3]" name="teardown" is-config="true" duration-ms="3260" started-at="2019-01-14T22:01:17Z" finished-at="2019-01-14T22:01:20Z">
          <reporter-output>
          </reporter-output>
        </test-method> <!-- teardown -->
      </class> <!-- TestBankPkg.OTPGet -->
    </test> <!-- Default test -->
  </suite> <!-- Default suite -->
</testng-results>
